<?xml version="1.0" encoding="UTF-8"?>
<!-- Generated by org.testng.reporters.JUnitXMLReporter -->
<testsuite ignored="0" hostname="DESKTOP-I9BFR2K" failures="0" tests="4" name="Default test" time="17.817" errors="0" timestamp="2023-06-24T11:36:53 IST">
  <testcase classname="com.wingify.testscript.LoginSecnario" name="validUnPwd" time="1.45"/>
  <testcase classname="com.wingify.testscript.LoginSecnario" name="emptyUN_Pwd" time="0.26"/>
  <testcase classname="com.wingify.testscript.LoginSecnario" name="validUN_wrongPass" time="0.668"/>
  <testcase classname="com.wingify.testscript.LoginSecnario" name="wromgUN_validPass" time="0.657"/>
</testsuite> <!-- Default test -->
